Performing C SOURCE FILE Test CMAKE_HAVE_LIBC_PTHREAD failed with the following output:
Change Dir: /home/haselab15/readrosbag/build/CMakeFiles/CMakeTmp

Run Build Command(s):/usr/bin/make -f Makefile cmTC_010d4/fast && /usr/bin/make  -f CMakeFiles/cmTC_010d4.dir/build.make CMakeFiles/cmTC_010d4.dir/build
make[1]: ディレクトリ '/home/haselab15/readrosbag/build/CMakeFiles/CMakeTmp' に入ります
Building C object CMakeFiles/cmTC_010d4.dir/src.c.o
/usr/bin/gcc-9 -DCMAKE_HAVE_LIBC_PTHREAD   -o CMakeFiles/cmTC_010d4.dir/src.c.o -c /home/haselab15/readrosbag/build/CMakeFiles/CMakeTmp/src.c
Linking C executable cmTC_010d4
/usr/local/bin/cmake -E cmake_link_script CMakeFiles/cmTC_010d4.dir/link.txt --verbose=1
/usr/bin/gcc-9 -rdynamic CMakeFiles/cmTC_010d4.dir/src.c.o -o cmTC_010d4 
/usr/bin/ld: CMakeFiles/cmTC_010d4.dir/src.c.o: in function `main':
src.c:(.text+0x46): undefined reference to `pthread_create'
/usr/bin/ld: src.c:(.text+0x52): undefined reference to `pthread_detach'
/usr/bin/ld: src.c:(.text+0x5e): undefined reference to `pthread_cancel'
/usr/bin/ld: src.c:(.text+0x6f): undefined reference to `pthread_join'
collect2: error: ld returned 1 exit status
make[1]: *** [CMakeFiles/cmTC_010d4.dir/build.make:99: cmTC_010d4] エラー 1
make[1]: ディレクトリ '/home/haselab15/readrosbag/build/CMakeFiles/CMakeTmp' から出ます
make: *** [Makefile:127: cmTC_010d4/fast] エラー 2


Source file was:
#include <pthread.h>

static void* test_func(void* data)
{
  return data;
}

int main(void)
{
  pthread_t thread;
  pthread_create(&thread, NULL, test_func, NULL);
  pthread_detach(thread);
  pthread_cancel(thread);
  pthread_join(thread, NULL);
  pthread_atfork(NULL, NULL, NULL);
  pthread_exit(NULL);

  return 0;
}

Determining if the function pthread_create exists in the pthreads failed with the following output:
Change Dir: /home/haselab15/readrosbag/build/CMakeFiles/CMakeTmp

Run Build Command(s):/usr/bin/make -f Makefile cmTC_b5601/fast && /usr/bin/make  -f CMakeFiles/cmTC_b5601.dir/build.make CMakeFiles/cmTC_b5601.dir/build
make[1]: ディレクトリ '/home/haselab15/readrosbag/build/CMakeFiles/CMakeTmp' に入ります
Building C object CMakeFiles/cmTC_b5601.dir/CheckFunctionExists.c.o
/usr/bin/gcc-9   -DCHECK_FUNCTION_EXISTS=pthread_create -o CMakeFiles/cmTC_b5601.dir/CheckFunctionExists.c.o -c /usr/local/share/cmake-3.23/Modules/CheckFunctionExists.c
Linking C executable cmTC_b5601
/usr/local/bin/cmake -E cmake_link_script CMakeFiles/cmTC_b5601.dir/link.txt --verbose=1
/usr/bin/gcc-9  -DCHECK_FUNCTION_EXISTS=pthread_create -rdynamic CMakeFiles/cmTC_b5601.dir/CheckFunctionExists.c.o -o cmTC_b5601  -lpthreads 
/usr/bin/ld: -lpthreads が見つかりません
collect2: error: ld returned 1 exit status
make[1]: *** [CMakeFiles/cmTC_b5601.dir/build.make:99: cmTC_b5601] エラー 1
make[1]: ディレクトリ '/home/haselab15/readrosbag/build/CMakeFiles/CMakeTmp' から出ます
make: *** [Makefile:127: cmTC_b5601/fast] エラー 2



